2018-10-08 16:04:54,129 ERROR 16116 [-/::1/-/5ms GET /user] nodejs.Error: Please set config.keys first
    at Application.get keys [as keys] (D:\code\mine\journal\journal_server\node_modules\egg\lib\application.js:321:15)
    at Object.get cookies [as cookies] (D:\code\mine\journal\journal_server\node_modules\egg\app\extend\context.js:22:66)
    at Object.get [egg-security#CSRF_SECRET] (D:\code\mine\journal\journal_server\node_modules\egg-security\app\extend\context.js:86:33)
    at Object.ensureCsrfSecret (D:\code\mine\journal\journal_server\node_modules\egg-security\app\extend\context.js:97:13)
    at csrf (D:\code\mine\journal\journal_server\node_modules\egg-security\lib\middlewares\csrf.js:14:9)
    at dispatch (D:\code\mine\journal\journal_server\node_modules\koa-compose\index.js:42:32)
    at D:\code\mine\journal\journal_server\node_modules\koa-compose\index.js:34:12
    at dispatch (D:\code\mine\journal\journal_server\node_modules\koa-compose\index.js:42:32)
    at session (D:\code\mine\journal\journal_server\node_modules\koa-session\index.js:41:13)
    at dispatch (D:\code\mine\journal\journal_server\node_modules\koa-compose\index.js:42:32)
    at overrideMethod (D:\code\mine\journal\journal_server\node_modules\koa-override\index.js:13:70)
    at dispatch (D:\code\mine\journal\journal_server\node_modules\koa-compose\index.js:42:32)
    at bodyParser (D:\code\mine\journal\journal_server\node_modules\koa-bodyparser\index.js:86:11)
    at <anonymous>
    at process._tickCallback (internal/process/next_tick.js:188:7)

pid: 16116
hostname: DESKTOP-P2L7CRV

2018-10-08 16:05:19,214 ERROR 15092 [-/::1/-/22ms GET /user] nodejs.Error: Please set config.keys first
    at Application.get keys [as keys] (D:\code\mine\journal\journal_server\node_modules\egg\lib\application.js:321:15)
    at Object.get cookies [as cookies] (D:\code\mine\journal\journal_server\node_modules\egg\app\extend\context.js:22:66)
    at Object.get [egg-security#CSRF_SECRET] (D:\code\mine\journal\journal_server\node_modules\egg-security\app\extend\context.js:86:33)
    at Object.ensureCsrfSecret (D:\code\mine\journal\journal_server\node_modules\egg-security\app\extend\context.js:97:13)
    at csrf (D:\code\mine\journal\journal_server\node_modules\egg-security\lib\middlewares\csrf.js:14:9)
    at dispatch (D:\code\mine\journal\journal_server\node_modules\koa-compose\index.js:42:32)
    at D:\code\mine\journal\journal_server\node_modules\koa-compose\index.js:34:12
    at dispatch (D:\code\mine\journal\journal_server\node_modules\koa-compose\index.js:42:32)
    at session (D:\code\mine\journal\journal_server\node_modules\koa-session\index.js:41:13)
    at dispatch (D:\code\mine\journal\journal_server\node_modules\koa-compose\index.js:42:32)
    at overrideMethod (D:\code\mine\journal\journal_server\node_modules\koa-override\index.js:13:70)
    at dispatch (D:\code\mine\journal\journal_server\node_modules\koa-compose\index.js:42:32)
    at bodyParser (D:\code\mine\journal\journal_server\node_modules\koa-bodyparser\index.js:86:11)
    at <anonymous>
    at process._tickCallback (internal/process/next_tick.js:188:7)

pid: 15092
hostname: DESKTOP-P2L7CRV

2018-10-08 16:05:39,879 ERROR 18000 [-/::1/-/6ms GET /user] nodejs.TypeError: Cannot read property 'query' of undefined
    at UserController.index (D:\code\mine\journal\journal_server\app\controller\user.js:8:32)
    at Object.callFn (D:\code\mine\journal\journal_server\node_modules\egg-core\lib\utils\index.js:36:21)
    at Object.classControllerMiddleware (D:\code\mine\journal\journal_server\node_modules\egg-core\lib\loader\mixin\controller.js:87:20)
    at Object.callFn (D:\code\mine\journal\journal_server\node_modules\egg-core\lib\utils\index.js:36:21)
    at wrappedController (D:\code\mine\journal\journal_server\node_modules\egg-core\lib\utils\router.js:322:18)
    at dispatch (D:\code\mine\journal\journal_server\node_modules\koa-router\node_modules\koa-compose\index.js:44:32)
    at next (D:\code\mine\journal\journal_server\node_modules\koa-router\node_modules\koa-compose\index.js:45:18)
    at D:\code\mine\journal\journal_server\node_modules\koa-router\lib\router.js:346:16
    at dispatch (D:\code\mine\journal\journal_server\node_modules\koa-router\node_modules\koa-compose\index.js:44:32)
    at D:\code\mine\journal\journal_server\node_modules\koa-router\node_modules\koa-compose\index.js:36:12
    at dispatch (D:\code\mine\journal\journal_server\node_modules\koa-router\lib\router.js:351:31)
    at dispatch (D:\code\mine\journal\journal_server\node_modules\koa-compose\index.js:42:32)
    at dealRes (D:\code\mine\journal\journal_server\app\middleware\dealRes.js:9:11)
    at dispatch (D:\code\mine\journal\journal_server\node_modules\koa-compose\index.js:42:32)
    at D:\code\mine\journal\journal_server\node_modules\egg-development\app\middleware\egg_loader_trace.js:9:56
    at dispatch (D:\code\mine\journal\journal_server\node_modules\koa-compose\index.js:42:32)

pid: 18000
hostname: DESKTOP-P2L7CRV

