2018-10-08 16:04:42,289 INFO 16116 [egg:logger] init all loggers with options: {"dir":"D:\\code\\mine\\journal\\journal_server\\logs\\journal_server","encoding":"utf8","env":"local","level":"INFO","consoleLevel":"INFO","disableConsoleAfterReady":false,"outputJSON":false,"buffer":true,"appLogName":"journal_server-web.log","coreLogName":"egg-web.log","agentLogName":"egg-agent.log","errorLogName":"common-error.log","coreLogger":{"consoleLevel":"WARN"},"allowDebugAtProd":false,"type":"application"}
2018-10-08 16:04:42,329 INFO 16116 [egg-schedule]: register schedule D:\code\mine\journal\journal_server\node_modules\egg-logrotator\app\schedule\clean_log.js
2018-10-08 16:04:42,329 INFO 16116 [egg-schedule]: register schedule D:\code\mine\journal\journal_server\node_modules\egg-logrotator\app\schedule\rotate_by_file.js
2018-10-08 16:04:42,330 INFO 16116 [egg-multipart] stream mode enable
2018-10-08 16:04:42,485 INFO 16116 [egg-static] starting static serve /public/ -> D:\code\mine\journal\journal_server\app\public
2018-10-08 16:04:42,488 INFO 16116 [egg-security] use csrf middleware
2018-10-08 16:04:42,489 INFO 16116 [egg-security] use methodnoallow middleware
2018-10-08 16:04:42,489 INFO 16116 [egg-security] use noopen middleware
2018-10-08 16:04:42,491 INFO 16116 [egg-security] use nosniff middleware
2018-10-08 16:04:42,491 INFO 16116 [egg-security] use xssProtection middleware
2018-10-08 16:04:42,492 INFO 16116 [egg-security] use xframe middleware
2018-10-08 16:04:42,492 INFO 16116 [egg-security] use dta middleware
2018-10-08 16:04:42,492 INFO 16116 [egg-security] compose 7 middlewares into one security middleware
2018-10-08 16:04:42,526 INFO 16116 [egg:core] dump config after load, 20ms
2018-10-08 16:04:42,549 INFO 16116 [egg-watcher:application] watcher start success
2018-10-08 16:04:42,575 INFO 16116 [egg:core] dump config after ready, 25ms
2018-10-08 16:05:15,560 INFO 15092 [egg:logger] init all loggers with options: {"dir":"D:\\code\\mine\\journal\\journal_server\\logs\\journal_server","encoding":"utf8","env":"local","level":"INFO","consoleLevel":"INFO","disableConsoleAfterReady":false,"outputJSON":false,"buffer":true,"appLogName":"journal_server-web.log","coreLogName":"egg-web.log","agentLogName":"egg-agent.log","errorLogName":"common-error.log","coreLogger":{"consoleLevel":"WARN"},"allowDebugAtProd":false,"type":"application"}
2018-10-08 16:05:15,603 INFO 15092 [egg-schedule]: register schedule D:\code\mine\journal\journal_server\node_modules\egg-logrotator\app\schedule\clean_log.js
2018-10-08 16:05:15,603 INFO 15092 [egg-schedule]: register schedule D:\code\mine\journal\journal_server\node_modules\egg-logrotator\app\schedule\rotate_by_file.js
2018-10-08 16:05:15,603 INFO 15092 [egg-multipart] stream mode enable
2018-10-08 16:05:15,688 INFO 15092 [egg-static] starting static serve /public/ -> D:\code\mine\journal\journal_server\app\public
2018-10-08 16:05:15,693 INFO 15092 [egg-security] use csrf middleware
2018-10-08 16:05:15,694 INFO 15092 [egg-security] use methodnoallow middleware
2018-10-08 16:05:15,694 INFO 15092 [egg-security] use noopen middleware
2018-10-08 16:05:15,696 INFO 15092 [egg-security] use nosniff middleware
2018-10-08 16:05:15,696 INFO 15092 [egg-security] use xssProtection middleware
2018-10-08 16:05:15,697 INFO 15092 [egg-security] use xframe middleware
2018-10-08 16:05:15,698 INFO 15092 [egg-security] use dta middleware
2018-10-08 16:05:15,698 INFO 15092 [egg-security] compose 7 middlewares into one security middleware
2018-10-08 16:05:15,728 INFO 15092 [egg:core] dump config after load, 16ms
2018-10-08 16:05:15,750 INFO 15092 [egg-watcher:application] watcher start success
2018-10-08 16:05:15,772 INFO 15092 [egg:core] dump config after ready, 20ms
2018-10-08 16:05:37,627 INFO 18000 [egg:logger] init all loggers with options: {"dir":"D:\\code\\mine\\journal\\journal_server\\logs\\journal_server","encoding":"utf8","env":"local","level":"INFO","consoleLevel":"INFO","disableConsoleAfterReady":false,"outputJSON":false,"buffer":true,"appLogName":"journal_server-web.log","coreLogName":"egg-web.log","agentLogName":"egg-agent.log","errorLogName":"common-error.log","coreLogger":{"consoleLevel":"WARN"},"allowDebugAtProd":false,"type":"application"}
2018-10-08 16:05:37,681 INFO 18000 [egg-schedule]: register schedule D:\code\mine\journal\journal_server\node_modules\egg-logrotator\app\schedule\clean_log.js
2018-10-08 16:05:37,681 INFO 18000 [egg-schedule]: register schedule D:\code\mine\journal\journal_server\node_modules\egg-logrotator\app\schedule\rotate_by_file.js
2018-10-08 16:05:37,682 INFO 18000 [egg-multipart] stream mode enable
2018-10-08 16:05:37,773 INFO 18000 [egg-static] starting static serve /public/ -> D:\code\mine\journal\journal_server\app\public
2018-10-08 16:05:37,777 INFO 18000 [egg-security] use csrf middleware
2018-10-08 16:05:37,779 INFO 18000 [egg-security] use methodnoallow middleware
2018-10-08 16:05:37,780 INFO 18000 [egg-security] use noopen middleware
2018-10-08 16:05:37,781 INFO 18000 [egg-security] use nosniff middleware
2018-10-08 16:05:37,783 INFO 18000 [egg-security] use xssProtection middleware
2018-10-08 16:05:37,784 INFO 18000 [egg-security] use xframe middleware
2018-10-08 16:05:37,786 INFO 18000 [egg-security] use dta middleware
2018-10-08 16:05:37,786 INFO 18000 [egg-security] compose 7 middlewares into one security middleware
2018-10-08 16:05:37,823 INFO 18000 [egg:core] dump config after load, 22ms
2018-10-08 16:05:37,849 INFO 18000 [egg-watcher:application] watcher start success
2018-10-08 16:05:37,893 INFO 18000 [egg:core] dump config after ready, 39ms
2018-10-08 16:06:27,626 INFO 22364 [egg:logger] init all loggers with options: {"dir":"D:\\code\\mine\\journal\\journal_server\\logs\\journal_server","encoding":"utf8","env":"local","level":"INFO","consoleLevel":"INFO","disableConsoleAfterReady":false,"outputJSON":false,"buffer":true,"appLogName":"journal_server-web.log","coreLogName":"egg-web.log","agentLogName":"egg-agent.log","errorLogName":"common-error.log","coreLogger":{"consoleLevel":"WARN"},"allowDebugAtProd":false,"type":"application"}
2018-10-08 16:06:27,674 INFO 22364 [egg-schedule]: register schedule D:\code\mine\journal\journal_server\node_modules\egg-logrotator\app\schedule\clean_log.js
2018-10-08 16:06:27,674 INFO 22364 [egg-schedule]: register schedule D:\code\mine\journal\journal_server\node_modules\egg-logrotator\app\schedule\rotate_by_file.js
2018-10-08 16:06:27,675 INFO 22364 [egg-multipart] stream mode enable
2018-10-08 16:06:27,754 INFO 22364 [egg-static] starting static serve /public/ -> D:\code\mine\journal\journal_server\app\public
2018-10-08 16:06:27,761 INFO 22364 [egg-security] use csrf middleware
2018-10-08 16:06:27,762 INFO 22364 [egg-security] use methodnoallow middleware
2018-10-08 16:06:27,763 INFO 22364 [egg-security] use noopen middleware
2018-10-08 16:06:27,764 INFO 22364 [egg-security] use nosniff middleware
2018-10-08 16:06:27,764 INFO 22364 [egg-security] use xssProtection middleware
2018-10-08 16:06:27,764 INFO 22364 [egg-security] use xframe middleware
2018-10-08 16:06:27,765 INFO 22364 [egg-security] use dta middleware
2018-10-08 16:06:27,765 INFO 22364 [egg-security] compose 7 middlewares into one security middleware
2018-10-08 16:06:27,796 INFO 22364 [egg:core] dump config after load, 18ms
2018-10-08 16:06:27,824 INFO 22364 [egg-watcher:application] watcher start success
2018-10-08 16:06:27,856 INFO 22364 [egg:core] dump config after ready, 30ms
2018-10-08 16:06:32,459 INFO 24240 [egg:logger] init all loggers with options: {"dir":"D:\\code\\mine\\journal\\journal_server\\logs\\journal_server","encoding":"utf8","env":"local","level":"INFO","consoleLevel":"INFO","disableConsoleAfterReady":false,"outputJSON":false,"buffer":true,"appLogName":"journal_server-web.log","coreLogName":"egg-web.log","agentLogName":"egg-agent.log","errorLogName":"common-error.log","coreLogger":{"consoleLevel":"WARN"},"allowDebugAtProd":false,"type":"application"}
2018-10-08 16:06:32,510 INFO 24240 [egg-schedule]: register schedule D:\code\mine\journal\journal_server\node_modules\egg-logrotator\app\schedule\clean_log.js
2018-10-08 16:06:32,510 INFO 24240 [egg-schedule]: register schedule D:\code\mine\journal\journal_server\node_modules\egg-logrotator\app\schedule\rotate_by_file.js
2018-10-08 16:06:32,511 INFO 24240 [egg-multipart] stream mode enable
2018-10-08 16:06:32,588 INFO 24240 [egg-static] starting static serve /public/ -> D:\code\mine\journal\journal_server\app\public
2018-10-08 16:06:32,590 INFO 24240 [egg-security] use csrf middleware
2018-10-08 16:06:32,591 INFO 24240 [egg-security] use methodnoallow middleware
2018-10-08 16:06:32,592 INFO 24240 [egg-security] use noopen middleware
2018-10-08 16:06:32,594 INFO 24240 [egg-security] use nosniff middleware
2018-10-08 16:06:32,594 INFO 24240 [egg-security] use xssProtection middleware
2018-10-08 16:06:32,594 INFO 24240 [egg-security] use xframe middleware
2018-10-08 16:06:32,595 INFO 24240 [egg-security] use dta middleware
2018-10-08 16:06:32,595 INFO 24240 [egg-security] compose 7 middlewares into one security middleware
2018-10-08 16:06:32,642 INFO 24240 [egg:core] dump config after load, 29ms
2018-10-08 16:06:32,672 INFO 24240 [egg-watcher:application] watcher start success
2018-10-08 16:06:32,712 INFO 24240 [egg:core] dump config after ready, 38ms
2018-10-08 16:06:59,167 INFO 14144 [egg:logger] init all loggers with options: {"dir":"D:\\code\\mine\\journal\\journal_server\\logs\\journal_server","encoding":"utf8","env":"local","level":"INFO","consoleLevel":"INFO","disableConsoleAfterReady":false,"outputJSON":false,"buffer":true,"appLogName":"journal_server-web.log","coreLogName":"egg-web.log","agentLogName":"egg-agent.log","errorLogName":"common-error.log","coreLogger":{"consoleLevel":"WARN"},"allowDebugAtProd":false,"type":"application"}
2018-10-08 16:06:59,212 INFO 14144 [egg-schedule]: register schedule D:\code\mine\journal\journal_server\node_modules\egg-logrotator\app\schedule\clean_log.js
2018-10-08 16:06:59,212 INFO 14144 [egg-schedule]: register schedule D:\code\mine\journal\journal_server\node_modules\egg-logrotator\app\schedule\rotate_by_file.js
2018-10-08 16:06:59,212 INFO 14144 [egg-multipart] stream mode enable
2018-10-08 16:06:59,287 INFO 14144 [egg-static] starting static serve /public/ -> D:\code\mine\journal\journal_server\app\public
2018-10-08 16:06:59,290 INFO 14144 [egg-security] use csrf middleware
2018-10-08 16:06:59,292 INFO 14144 [egg-security] use methodnoallow middleware
2018-10-08 16:06:59,293 INFO 14144 [egg-security] use noopen middleware
2018-10-08 16:06:59,294 INFO 14144 [egg-security] use nosniff middleware
2018-10-08 16:06:59,295 INFO 14144 [egg-security] use xssProtection middleware
2018-10-08 16:06:59,295 INFO 14144 [egg-security] use xframe middleware
2018-10-08 16:06:59,296 INFO 14144 [egg-security] use dta middleware
2018-10-08 16:06:59,296 INFO 14144 [egg-security] compose 7 middlewares into one security middleware
2018-10-08 16:06:59,326 INFO 14144 [egg:core] dump config after load, 18ms
2018-10-08 16:06:59,347 INFO 14144 [egg-watcher:application] watcher start success
2018-10-08 16:06:59,372 INFO 14144 [egg:core] dump config after ready, 24ms
2018-10-08 16:08:32,274 INFO 21484 [egg:logger] init all loggers with options: {"dir":"D:\\code\\mine\\journal\\journal_server\\logs\\journal_server","encoding":"utf8","env":"local","level":"INFO","consoleLevel":"INFO","disableConsoleAfterReady":false,"outputJSON":false,"buffer":true,"appLogName":"journal_server-web.log","coreLogName":"egg-web.log","agentLogName":"egg-agent.log","errorLogName":"common-error.log","coreLogger":{"consoleLevel":"WARN"},"allowDebugAtProd":false,"type":"application"}
2018-10-08 16:08:32,335 INFO 21484 [egg-schedule]: register schedule D:\code\mine\journal\journal_server\node_modules\egg-logrotator\app\schedule\clean_log.js
2018-10-08 16:08:32,335 INFO 21484 [egg-schedule]: register schedule D:\code\mine\journal\journal_server\node_modules\egg-logrotator\app\schedule\rotate_by_file.js
2018-10-08 16:08:32,335 INFO 21484 [egg-multipart] stream mode enable
2018-10-08 16:08:32,413 INFO 21484 [egg-static] starting static serve /public/ -> D:\code\mine\journal\journal_server\app\public
2018-10-08 16:08:32,417 INFO 21484 [egg-security] use csrf middleware
2018-10-08 16:08:32,418 INFO 21484 [egg-security] use methodnoallow middleware
2018-10-08 16:08:32,418 INFO 21484 [egg-security] use noopen middleware
2018-10-08 16:08:32,420 INFO 21484 [egg-security] use nosniff middleware
2018-10-08 16:08:32,421 INFO 21484 [egg-security] use xssProtection middleware
2018-10-08 16:08:32,421 INFO 21484 [egg-security] use xframe middleware
2018-10-08 16:08:32,422 INFO 21484 [egg-security] use dta middleware
2018-10-08 16:08:32,422 INFO 21484 [egg-security] compose 7 middlewares into one security middleware
2018-10-08 16:08:32,452 INFO 21484 [egg:core] dump config after load, 17ms
2018-10-08 16:08:32,474 INFO 21484 [egg-watcher:application] watcher start success
2018-10-08 16:08:32,501 INFO 21484 [egg:core] dump config after ready, 24ms
2018-10-08 16:09:29,448 INFO 2492 [egg:logger] init all loggers with options: {"dir":"D:\\code\\mine\\journal\\journal_server\\logs\\journal_server","encoding":"utf8","env":"local","level":"INFO","consoleLevel":"INFO","disableConsoleAfterReady":false,"outputJSON":false,"buffer":true,"appLogName":"journal_server-web.log","coreLogName":"egg-web.log","agentLogName":"egg-agent.log","errorLogName":"common-error.log","coreLogger":{"consoleLevel":"WARN"},"allowDebugAtProd":false,"type":"application"}
2018-10-08 16:09:29,516 INFO 2492 [egg-schedule]: register schedule D:\code\mine\journal\journal_server\node_modules\egg-logrotator\app\schedule\clean_log.js
2018-10-08 16:09:29,516 INFO 2492 [egg-schedule]: register schedule D:\code\mine\journal\journal_server\node_modules\egg-logrotator\app\schedule\rotate_by_file.js
2018-10-08 16:09:29,516 INFO 2492 [egg-multipart] stream mode enable
2018-10-08 16:09:29,595 INFO 2492 [egg-static] starting static serve /public/ -> D:\code\mine\journal\journal_server\app\public
2018-10-08 16:09:29,599 INFO 2492 [egg-security] use csrf middleware
2018-10-08 16:09:29,601 INFO 2492 [egg-security] use methodnoallow middleware
2018-10-08 16:09:29,602 INFO 2492 [egg-security] use noopen middleware
2018-10-08 16:09:29,603 INFO 2492 [egg-security] use nosniff middleware
2018-10-08 16:09:29,603 INFO 2492 [egg-security] use xssProtection middleware
2018-10-08 16:09:29,604 INFO 2492 [egg-security] use xframe middleware
2018-10-08 16:09:29,604 INFO 2492 [egg-security] use dta middleware
2018-10-08 16:09:29,604 INFO 2492 [egg-security] compose 7 middlewares into one security middleware
2018-10-08 16:09:29,640 INFO 2492 [egg:core] dump config after load, 22ms
2018-10-08 16:09:29,670 INFO 2492 [egg-watcher:application] watcher start success
2018-10-08 16:09:29,712 INFO 2492 [egg:core] dump config after ready, 40ms
